<?xml version="1.0" encoding="UTF-8"?>
<testng-results skipped="0" failed="0" ignored="0" total="1" passed="1">
  <reporter-output>
  </reporter-output>
  <suite name="Default suite" duration-ms="2255" started-at="2020-09-04T05:27:14Z" finished-at="2020-09-04T05:27:16Z">
    <groups>
    </groups>
    <test name="Default test" duration-ms="2255" started-at="2020-09-04T05:27:14Z" finished-at="2020-09-04T05:27:16Z">
      <class name="tests.CreateNewUser">
        <test-method status="PASS" signature="createUserByPayLoad()[pri:0, instance:tests.CreateNewUser@7cd62f43]" name="createUserByPayLoad" duration-ms="2223" started-at="2020-09-04T05:27:14Z" finished-at="2020-09-04T05:27:16Z">
          <reporter-output>
          </reporter-output>
        </test-method> <!-- createUserByPayLoad -->
      </class> <!-- tests.CreateNewUser -->
    </test> <!-- Default test -->
  </suite> <!-- Default suite -->
</testng-results>
